<?xml version="1.0" encoding="UTF-8"?>
<!-- Generated by org.testng.reporters.JUnitReportReporter -->
<testsuite skipped="0" hostname="DESKTOP-I7R2DMN" name="com.automation.tests.TestExecution" tests="1" failures="0" timestamp="14 Nov 2021 07:47:58 GMT" time="7.873" errors="0">
  <testcase name="executeMethod" time="7.873" classname="com.automation.tests.TestExecution"/>
</testsuite> <!-- com.automation.tests.TestExecution -->
